d:\projects\visual studio\ai-pacman\ai-pacman\debug\vc140.pdb
d:\projects\visual studio\ai-pacman\ai-pacman\debug\vc140.idb
d:\projects\visual studio\ai-pacman\ai-pacman\debug\astar.obj
d:\projects\visual studio\ai-pacman\ai-pacman\debug\comparepoints.obj
d:\projects\visual studio\ai-pacman\ai-pacman\debug\monster.obj
d:\projects\visual studio\ai-pacman\ai-pacman\debug\point2d.obj
d:\projects\visual studio\ai-pacman\ai-pacman\debug\point2d_hg.obj
d:\projects\visual studio\ai-pacman\ai-pacman\debug\main.obj
d:\projects\visual studio\ai-pacman\ai-pacman\debug\pacman.obj
d:\projects\visual studio\ai-pacman\debug\ai-pacman.ilk
d:\projects\visual studio\ai-pacman\debug\ai-pacman.exe
d:\projects\visual studio\ai-pacman\debug\ai-pacman.pdb
d:\projects\visual studio\ai-pacman\ai-pacman\debug\astar.obj.enc
d:\projects\visual studio\ai-pacman\ai-pacman\debug\main.new.obj.enc
d:\projects\visual studio\ai-pacman\ai-pacman\debug\ai-pacman.tlog\cl.command.1.tlog
d:\projects\visual studio\ai-pacman\ai-pacman\debug\ai-pacman.tlog\cl.read.1.tlog
d:\projects\visual studio\ai-pacman\ai-pacman\debug\ai-pacman.tlog\cl.write.1.tlog
d:\projects\visual studio\ai-pacman\ai-pacman\debug\ai-pacman.tlog\link.command.1.tlog
d:\projects\visual studio\ai-pacman\ai-pacman\debug\ai-pacman.tlog\link.read.1.tlog
d:\projects\visual studio\ai-pacman\ai-pacman\debug\ai-pacman.tlog\link.write.1.tlog
